<?xml version="1.0" encoding="UTF-8"?>
<!-- Generated by org.testng.reporters.JUnitReportReporter -->
<testsuite skipped="0" hostname="DESKTOP-8NADRDT" name="testPages.TestSuite" tests="1" failures="0" timestamp="2023-05-14T16:19:13 CEST" time="7.754" errors="0">
  <testcase name="trustedShopsCustomerPage" time="7.754" classname="testPages.TestSuite"/>
  <system-out/>
</testsuite> <!-- testPages.TestSuite -->
